
> musclog@2.4.7 web
> expo start --web

Starting project at /app
Starting Metro Bundler
Waiting on http://localhost:8081
Logs for your project will appear below.
Web ./index.web.js ░░░░░░░░░░░░░░░░  0.0% (0/1)
Web ./index.web.js ▓▓░░░░░░░░░░░░░░ 16.8% (296/722)
λ node_modules/expo-router/node/render.js ▓▓▓▓░░░░░░░░░░░░ 26.3% ( 771/1511)
Web ./index.web.js ▓▓▓░░░░░░░░░░░░░ 23.8% ( 737/1510)
λ node_modules/expo-router/node/render.js ▓▓▓▓▓▓▓░░░░░░░░░ 43.9% (1509/2482)
Web ./index.web.js ▓▓▓▓▓▓░░░░░░░░░░ 40.2% (1491/2503)
λ node_modules/expo-router/node/render.js ▓▓▓▓▓▓▓▓░░░░░░░░ 50.5% (2480/3489)
Web ./index.web.js ▓▓▓▓▓▓▓░░░░░░░░░ 49.9% (2473/3501)
λ node_modules/expo-router/node/render.js ▓▓▓▓▓▓▓▓░░░░░░░░ 50.5% (3059/5282)
Web ./index.web.js ▓▓▓▓▓▓▓▓░░░░░░░░ 50.6% (2670/5286)
λ node_modules/expo-router/node/render.js ▓▓▓▓▓▓▓▓▓▓▓▓▓░░░ 84.6% (5199/5654)
Web ./index.web.js ▓▓▓▓▓▓▓▓▓▓▓▓▓░░░ 86.5% (5503/6022)
λ node_modules/expo-router/node/render.js ▓▓▓▓▓▓▓▓▓▓▓▓▓▓░░ 91.8% (5651/5923)
λ Bundled 24316ms node_modules/expo-router/node/render.js (6581 modules)
Web ./index.web.js ▓▓▓▓▓▓▓▓▓▓▓▓▓▓▓░ 99.9% (6919/6919)
[🍉] [Loki] Initializing IndexedDB
Require cycle: database/services/index.ts -> database/services/NutritionService.ts -> widgets/widget-update-helpers.ts -> database/services/index.ts

Require cycles are allowed, but can result in uninitialized values. Consider refactoring to remove the need for a cycle.
Require cycle: utils/file.web.ts -> database/exportImport.ts -> utils/file.web.ts

Require cycles are allowed, but can result in uninitialized values. Consider refactoring to remove the need for a cycle.
[expo-notifications] Listening to push token changes is not yet fully supported on web. Adding a listener will have no effect.
"shadow*" style props are deprecated. Use "boxShadow".
λ  WARN  props.pointerEvents is deprecated. Use style.pointerEvents
Web ./index.web.js ▓▓▓▓▓▓▓▓▓▓▓▓▓▓▓░ 99.9% (6919/6919)
🌐 i18next is made possible by our own product, Locize — consider powering your project with managed localization (AI, CDN, integrations): https://locize.com 💙
i18next: languageChanged en-US
i18next: initialized {
  debug: true,
  initAsync: true,
  ns: [ 'translation' ],
  defaultNS: [ 'translation' ],
  fallbackLng: [ 'en-US' ],
  fallbackNS: false,
  supportedLngs: false,
  nonExplicitSupportedLngs: false,
  load: 'all',
  preload: false,
  simplifyPluralSuffix: true,
  keySeparator: '.',
  nsSeparator: ':',
  pluralSeparator: '_',
  contextSeparator: '_',
  partialBundledLanguages: false,
  saveMissing: false,
  updateMissing: false,
  saveMissingTo: 'fallback',
  saveMissingPlurals: true,
  missingKeyHandler: false,
  missingInterpolationHandler: false,
  postProcess: false,
  postProcessPassResolved: false,
  returnNull: false,
  returnEmptyString: true,
  returnObjects: false,
  joinArrays: false,
  returnedObjectHandler: false,
  parseMissingKeyHandler: false,
  appendNamespaceToMissingKey: false,
  appendNamespaceToCIMode: false,
  overloadTranslationOptionHandler: [Function: overloadTranslationOptionHandler],
  interpolation: {
    escapeValue: false,
    format: [Function: bound format],
    prefix: '{{',
    suffix: '}}',
    formatSeparator: ',',
    unescapePrefix: '-',
    nestingPrefix: '$t(',
    nestingSuffix: ')',
    nestingOptionsSeparator: ',',
    maxReplaces: 1000,
    skipOnVariables: true
  },
  cacheInBuiltFormats: true,
  lng: 'en-US',
  resources: {
    'en-US': { translation: [Object] },
    'pt-BR': { translation: [Object] }
  },
  ignoreJSONStructure: true
}
[🍉] [Loki] Database loaded
[🍉] [Loki] Empty database, setting up
[🍉] [Loki] Database is now reset
[🍉] [Loki] Initializing IndexedDB
[🍉] [Loki] Database loaded
λ  LOG  [🍉] [Loki] Setting up schema
[🍉] [Loki] Database collections set up
Web ./index.web.js ▓▓▓▓▓▓▓▓▓▓▓▓▓▓▓░ 99.9% (6919/6919)
Web Bundled 51613ms index.web.js (6919 modules)
Web ./index.web.js ▓▓░░░░░░░░░░░░░░ 16.8% (303/739)
Web ./index.web.js ▓▓▓▓▓▓▓▓▓▓▓▓░░░░ 77.7% (5039/5716)
Web Bundled 9527ms index.web.js (6921 modules)
