
> musclog@2.1.9 web
> expo start --web

Starting project at /app
Starting Metro Bundler
Waiting on http://localhost:8081
Logs for your project will appear below.
Web ./index.js ░░░░░░░░░░░░░░░░  0.0% (0/1)
Web ./index.js ▓▓▓░░░░░░░░░░░░░ 20.7% ( 56/340)
λ node_modules/expo-router/node/render.js ░░░░░░░░░░░░░░░░  4.9% ( 15/123)
Web ./index.js ▓▓▓░░░░░░░░░░░░░ 20.7% ( 116/2357)
λ node_modules/expo-router/node/render.js ▓▓░░░░░░░░░░░░░░ 14.0% (121/327)
Web ./index.js ▓▓▓░░░░░░░░░░░░░ 20.7% ( 513/2640)
λ node_modules/expo-router/node/render.js ▓▓░░░░░░░░░░░░░░ 14.0% (121/327)
Web ./index.js ▓▓▓░░░░░░░░░░░░░ 20.7% ( 612/2667)
λ node_modules/expo-router/node/render.js ▓▓▓▓▓░░░░░░░░░░░ 33.3% (330/726)
Web ./index.js ▓▓▓░░░░░░░░░░░░░ 20.7% (1215/2897)
λ node_modules/expo-router/node/render.js ▓▓▓▓▓░░░░░░░░░░░ 33.3% (330/726)
Web ./index.js ▓▓▓▓▓▓▓▓▓▓░░░░░░ 63.1% (2301/2897)
λ node_modules/expo-router/node/render.js ▓▓▓▓▓░░░░░░░░░░░ 33.3% (330/726)
Web ./index.js ▓▓▓▓▓▓▓▓▓▓░░░░░░ 67.7% (2643/3610)
λ node_modules/expo-router/node/render.js ▓▓▓▓▓░░░░░░░░░░░ 33.3% (519/995)
Web ./index.js ▓▓▓▓▓▓▓▓▓▓░░░░░░ 67.7% (2643/3610)
λ node_modules/expo-router/node/render.js ▓▓▓▓▓░░░░░░░░░░░ 33.3% ( 734/2816)
Web ./index.js ▓▓▓▓▓▓▓▓▓▓░░░░░░ 67.7% (2899/3831)
λ node_modules/expo-router/node/render.js ▓▓▓▓▓░░░░░░░░░░░ 33.3% ( 734/2816)
Web ./index.js ▓▓▓▓▓▓▓▓▓▓▓▓░░░░ 75.9% (3430/3936)
λ node_modules/expo-router/node/render.js ▓▓▓▓▓░░░░░░░░░░░ 33.3% ( 734/2816)
Web ./index.js ▓▓▓▓▓▓▓▓▓▓▓▓▓░░░ 82.9% (3605/3959)
λ node_modules/expo-router/node/render.js ▓▓▓▓▓░░░░░░░░░░░ 33.3% (1297/3624)
Web ./index.js ▓▓▓▓▓▓▓▓▓▓▓▓▓░░░ 82.9% (3605/3959)
λ node_modules/expo-router/node/render.js ▓▓▓▓▓▓▓▓░░░░░░░░ 50.2% (2577/3636)
Web ./index.js ▓▓▓▓▓▓▓▓▓▓▓▓▓░░░ 82.9% (3696/4280)
λ node_modules/expo-router/node/render.js ▓▓▓▓▓▓▓▓░░░░░░░░ 55.1% (2813/4002)
Web ./index.js ▓▓▓▓▓▓▓▓▓▓▓▓▓░░░ 82.9% (3938/4846)
λ node_modules/expo-router/node/render.js ▓▓▓▓▓▓▓▓▓░░░░░░░ 57.1% (3101/4105)
Web ./index.js ▓▓▓▓▓▓▓▓▓▓▓▓▓░░░ 82.9% (3938/4846)
λ node_modules/expo-router/node/render.js ▓▓▓▓▓▓▓▓▓░░░░░░░ 61.7% (3774/4852)
Web ./index.js ▓▓▓▓▓▓▓▓▓▓▓▓▓░░░ 82.9% (4205/4920)
λ node_modules/expo-router/node/render.js ▓▓▓▓▓▓▓▓▓▓░░░░░░ 64.8% (3992/4965)
Web ./index.js ▓▓▓▓▓▓▓▓▓▓▓▓▓░░░ 82.9% (4797/5311)
λ node_modules/expo-router/node/render.js ▓▓▓▓▓▓▓▓▓▓░░░░░░ 64.8% (3992/4965)
Web ./index.js ░░░░░░░░░░░░░░░░  0.0% (0/1)
λ node_modules/expo-router/node/render.js ░░░░░░░░░░░░░░░░  0.0% (0/1)
Web ./index.js ▓▓▓▓▓▓▓▓▓▓▓▓▓░░░ 82.9% (4843/5322)
λ node_modules/expo-router/node/render.js ▓▓▓▓▓▓▓▓▓▓▓▓▓░░░ 82.7% (4676/5240)
Web ./index.js ░░░░░░░░░░░░░░░░  0.0% (0/1)
λ node_modules/expo-router/node/render.js ░░░░░░░░░░░░░░░░  0.0% (0/1)
Web ./index.js ▓▓▓▓▓▓▓▓▓▓▓▓▓░░░ 85.4% (5063/5585)
λ node_modules/expo-router/node/render.js ▓▓▓▓▓▓▓▓▓▓▓▓▓░░░ 83.4% (4948/5417)
Web ./index.js ░░░░░░░░░░░░░░░░  0.0% (0/1)
λ node_modules/expo-router/node/render.js ░░░░░░░░░░░░░░░░  0.0% (0/1)
Web ./index.js ▓▓▓▓▓▓▓▓▓▓▓▓▓░░░ 85.7% (5305/5730)
λ node_modules/expo-router/node/render.js ▓▓▓▓▓▓▓▓▓▓▓▓▓▓░░ 87.8% (5282/5637)
Web ./index.js ░░░░░░░░░░░░░░░░  0.0% (0/1)
λ node_modules/expo-router/node/render.js ░░░░░░░░░░░░░░░░  0.0% (0/1)
Web ./index.js ▓▓▓▓▓▓▓▓▓▓▓▓▓░░░ 87.4% (5552/5938)
λ node_modules/expo-router/node/render.js ▓▓▓▓▓▓▓▓▓▓▓▓▓▓░░ 90.7% (5459/5745)
Web ./index.js ░░░░░░░░░░░░░░░░  0.0% (0/1)
λ node_modules/expo-router/node/render.js ░░░░░░░░░░░░░░░░  0.0% (0/1)
Web ./index.js ▓▓▓▓▓▓▓▓▓▓▓▓▓▓░░ 91.0% (5765/6046)
λ node_modules/expo-router/node/render.js ▓▓▓▓▓▓▓▓▓▓▓▓▓▓░░ 92.3% (5707/5981)
Web ./index.js ░░░░░░░░░░░░░░░░  0.0% (0/1)
λ node_modules/expo-router/node/render.js ░░░░░░░░░░░░░░░░  0.0% (0/1)
Web ./index.js ▓▓▓▓▓▓▓▓▓▓▓▓▓▓░░ 92.8% (6128/6362)
λ node_modules/expo-router/node/render.js ▓▓▓▓▓▓▓▓▓▓▓▓▓▓▓░ 95.4% (5958/6166)
Web ./index.js ░░░░░░░░░░░░░░░░  0.0% (0/1)
λ node_modules/expo-router/node/render.js ░░░░░░░░░░░░░░░░  0.0% (0/1)
Web ./index.js ▓▓▓▓▓▓▓▓▓▓▓▓▓▓▓░ 97.7% (6629/6710)
λ node_modules/expo-router/node/render.js ▓▓▓▓▓▓▓▓▓▓▓▓▓▓▓░ 98.5% (6340/6387)
Web ./index.js ░░░░░░░░░░░░░░░░  0.0% (0/1)
λ node_modules/expo-router/node/render.js ░░░░░░░░░░░░░░░░  0.0% (0/1)
λ Bundled 85990ms node_modules/expo-router/node/render.js (6410 modules)
λ Bundled 26130ms node_modules/expo-router/node/render.js (1 module)
Web ./index.js ▓▓▓▓▓▓▓▓▓▓▓▓▓▓▓░ 99.9% (6753/6753)
Web ./index.js ░░░░░░░░░░░░░░░░  0.0% (0/1)
[🍉] [Loki] Initializing IndexedDB
[expo-notifications] Listening to push token changes is not yet fully supported on web. Adding a listener will have no effect.
Require cycle: database/services/index.ts -> database/services/NutritionService.ts -> widgets/widget-update-helpers.ts -> database/services/index.ts

Require cycles are allowed, but can result in uninitialized values. Consider refactoring to remove the need for a cycle.
Require cycle: utils/file.web.ts -> database/exportImport.ts -> utils/file.web.ts

Require cycles are allowed, but can result in uninitialized values. Consider refactoring to remove the need for a cycle.
λ  WARN  props.pointerEvents is deprecated. Use style.pointerEvents
Web ./index.js ▓▓▓▓▓▓▓▓▓▓▓▓▓▓▓░ 99.9% (6753/6753)
Web ./index.js ░░░░░░░░░░░░░░░░  0.0% (0/1)
🌐 i18next is maintained with support from Locize — consider powering your project with managed localization (AI, CDN, integrations): https://locize.com 💙
[🍉] [Loki] Database loaded
[🍉] [Loki] Empty database, setting up
[🍉] [Loki] Database is now reset
[🍉] [Loki] Initializing IndexedDB
[🍉] [Loki] Database loaded
λ  LOG  [🍉] [Loki] Setting up schema
[🍉] [Loki] Database collections set up
Web ./index.js ▓▓▓▓▓▓▓▓▓▓▓▓▓▓▓░ 99.9% (6753/6753)
Web ./index.js ░░░░░░░░░░░░░░░░  0.0% (0/1)
[🍉] [Loki] Initializing IndexedDB
[expo-notifications] Listening to push token changes is not yet fully supported on web. Adding a listener will have no effect.
Require cycle: database/services/index.ts -> database/services/NutritionService.ts -> widgets/widget-update-helpers.ts -> database/services/index.ts

Require cycles are allowed, but can result in uninitialized values. Consider refactoring to remove the need for a cycle.
Require cycle: utils/file.web.ts -> database/exportImport.ts -> utils/file.web.ts

Require cycles are allowed, but can result in uninitialized values. Consider refactoring to remove the need for a cycle.
[🍉] [Loki] Database loaded
[🍉] [Loki] Empty database, setting up
[🍉] [Loki] Database is now reset
[🍉] [Loki] Initializing IndexedDB
[🍉] [Loki] Database loaded
λ  LOG  [🍉] [Loki] Setting up schema
[🍉] [Loki] Database collections set up
Web ./index.js ▓▓▓▓▓▓▓▓▓▓▓▓▓▓▓░ 99.9% (6753/6753)
Web ./index.js ░░░░░░░░░░░░░░░░  0.0% (0/1)
Web Bundled 107501ms index.js (6753 modules)
Error: Premature close
    at onclose (node:internal/streams/end-of-stream:171:30)
    at processTicksAndRejections (node:internal/process/task_queues:85:11)
Web Bundled 47776ms index.js (1 module)
Web ./index.js ▓▓░░░░░░░░░░░░░░ 17.1% ( 318/2637)
Web ./index.js ▓▓░░░░░░░░░░░░░░ 17.1% ( 864/3034)
Web ./index.js ▓▓▓▓▓▓▓░░░░░░░░░ 49.6% (2156/3060)
Web ./index.js ▓▓▓▓▓▓▓▓▓▓░░░░░░ 63.6% (2786/3785)
Web ./index.js ▓▓▓▓▓▓▓▓▓▓░░░░░░ 64.3% (3162/3942)
Web ./index.js ▓▓▓▓▓▓▓▓▓▓▓▓░░░░ 79.1% (3778/4385)
Web ./index.js ▓▓▓▓▓▓▓▓▓▓▓▓░░░░ 79.1% (4309/5011)
Web ./index.js ▓▓▓▓▓▓▓▓▓▓▓▓░░░░ 79.1% (4971/5591)
Web ./index.js ▓▓▓▓▓▓▓▓▓▓▓▓▓░░░ 86.3% (5449/5867)
Web ./index.js ▓▓▓▓▓▓▓▓▓▓▓▓▓▓░░ 91.8% (5863/6120)
Web ./index.js ▓▓▓▓▓▓▓▓▓▓▓▓▓▓▓░ 96.3% (6481/6609)
Web Bundled 40831ms index.js (6755 modules)
 LOG  [web] Logs will appear in the browser console
Web ./index.js ░░░░░░░░░░░░░░░░  0.0% (0/1)
λ Bundled 261ms node_modules/expo-router/node/render.js (1 module)
[🍉] [Loki] Initializing IndexedDB
λ  WARN  [expo-notifications] Listening to push token changes is not yet fully supported on web. Adding a listener will have no effect.
Require cycle: database/services/index.ts -> database/services/NutritionService.ts -> widgets/widget-update-helpers.ts -> database/services/index.ts

Require cycles are allowed, but can result in uninitialized values. Consider refactoring to remove the need for a cycle.
Require cycle: utils/file.web.ts -> database/exportImport.ts -> utils/file.web.ts

Require cycles are allowed, but can result in uninitialized values. Consider refactoring to remove the need for a cycle.
Web ./index.js ░░░░░░░░░░░░░░░░  0.0% (0/1)
[🍉] [Loki] Database loaded
[🍉] [Loki] Empty database, setting up
[🍉] [Loki] Database is now reset
[🍉] [Loki] Initializing IndexedDB
[🍉] [Loki] Database loaded
λ  LOG  [🍉] [Loki] Setting up schema
[🍉] [Loki] Database collections set up
Web ./index.js ░░░░░░░░░░░░░░░░  0.0% (0/1)
Web Bundled 3804ms index.js (1 module)
Web Bundled 1231ms index.js (1 module)
λ Bundled 434ms node_modules/expo-router/node/render.js (1 module)
 LOG  [web] Logs will appear in the browser console
[🍉] [Loki] Initializing IndexedDB
λ  WARN  [expo-notifications] Listening to push token changes is not yet fully supported on web. Adding a listener will have no effect.
Require cycle: database/services/index.ts -> database/services/NutritionService.ts -> widgets/widget-update-helpers.ts -> database/services/index.ts

Require cycles are allowed, but can result in uninitialized values. Consider refactoring to remove the need for a cycle.
Require cycle: utils/file.web.ts -> database/exportImport.ts -> utils/file.web.ts

Require cycles are allowed, but can result in uninitialized values. Consider refactoring to remove the need for a cycle.
λ  WARN  props.pointerEvents is deprecated. Use style.pointerEvents
Web ./index.js ░░░░░░░░░░░░░░░░  0.0% (0/1)
[🍉] [Loki] Database loaded
[🍉] [Loki] Empty database, setting up
[🍉] [Loki] Database is now reset
[🍉] [Loki] Initializing IndexedDB
[🍉] [Loki] Database loaded
λ  LOG  [🍉] [Loki] Setting up schema
[🍉] [Loki] Database collections set up
Web ./index.js ░░░░░░░░░░░░░░░░  0.0% (0/1)
Web Bundled 4140ms index.js (1 module)
Web Bundled 333ms index.js (1 module)
 LOG  [web] Logs will appear in the browser console
Web ./index.js ░░░░░░░░░░░░░░░░  0.0% (0/1)
λ Bundled 543ms node_modules/expo-router/node/render.js (1 module)
[🍉] [Loki] Initializing IndexedDB
λ  WARN  [expo-notifications] Listening to push token changes is not yet fully supported on web. Adding a listener will have no effect.
Require cycle: database/services/index.ts -> database/services/NutritionService.ts -> widgets/widget-update-helpers.ts -> database/services/index.ts

Require cycles are allowed, but can result in uninitialized values. Consider refactoring to remove the need for a cycle.
Require cycle: utils/file.web.ts -> database/exportImport.ts -> utils/file.web.ts

Require cycles are allowed, but can result in uninitialized values. Consider refactoring to remove the need for a cycle.
Web ./index.js ░░░░░░░░░░░░░░░░  0.0% (0/1)
[🍉] [Loki] Database loaded
[🍉] [Loki] Empty database, setting up
[🍉] [Loki] Database is now reset
[🍉] [Loki] Initializing IndexedDB
[🍉] [Loki] Database loaded
λ  LOG  [🍉] [Loki] Setting up schema
[🍉] [Loki] Database collections set up
Web ./index.js ░░░░░░░░░░░░░░░░  0.0% (0/1)
Web Bundled 5429ms index.js (1 module)
Web Bundled 679ms index.js (1 module)
λ Bundled 414ms node_modules/expo-router/node/render.js (1 module)
 LOG  [web] Logs will appear in the browser console
Web Bundled 2488ms index.js (1 module)

<--- Last few GCs --->

[2844:0x79cd000]   350357 ms: Mark-Compact (reduce) 2079.7 (2127.7) -> 2077.2 (2109.9) MB, pooled: 0 MB, 1188.98 / 0.00 ms  (+ 16.8 ms in 0 steps since start of marking, biggest step 0.0 ms, walltime since start of marking 1677 ms) (average mu = 0.316, cu

<--- JS stacktrace --->

FATAL ERROR: Reached heap limit Allocation failed - JavaScript heap out of memory
----- Native stack trace -----

 1: 0xe40d24 node::OOMErrorHandler(char const*, v8::OOMDetails const&) [node]
 2: 0x1216be0 v8::Utils::ReportOOMFailure(v8::internal::Isolate*, char const*, v8::OOMDetails const&) [node]
 3: 0x1216eb7 v8::internal::V8::FatalProcessOutOfMemory(v8::internal::Isolate*, char const*, v8::OOMDetails const&) [node]
 4: 0x1444875  [node]
 5: 0x145e109 v8::internal::Heap::CollectGarbage(v8::internal::AllocationSpace, v8::internal::GarbageCollectionReason, v8::GCCallbackFlags) [node]
 6: 0x14327b8 v8::internal::HeapAllocator::AllocateRawWithLightRetrySlowPath(int, v8::internal::AllocationType, v8::internal::AllocationOrigin, v8::internal::AllocationAlignment) [node]
 7: 0x14336e5 v8::internal::HeapAllocator::AllocateRawWithRetryOrFailSlowPath(int, v8::internal::AllocationType, v8::internal::AllocationOrigin, v8::internal::AllocationAlignment) [node]
 8: 0x140bade v8::internal::Factory::AllocateRaw(int, v8::internal::AllocationType, v8::internal::AllocationAlignment) [node]
 9: 0x13fa13c v8::internal::FactoryBase<v8::internal::Factory>::AllocateRawArray(int, v8::internal::AllocationType) [node]
10: 0x13fa7c2 v8::internal::FactoryBase<v8::internal::Factory>::NewWeakFixedArray(int, v8::internal::AllocationType) [node]
11: 0x12becac  [node]
12: 0x12ca8ae  [node]
13: 0x12cceab v8::internal::Compiler::GetWrappedFunction(v8::internal::Handle<v8::internal::String>, v8::internal::Handle<v8::internal::Context>, v8::internal::ScriptDetails const&, v8::internal::AlignedCachedData*, v8::ScriptCompiler::CompileOptions, v8::ScriptCompiler::NoCacheReason) [node]
14: 0x1243e34 v8::ScriptCompiler::CompileFunctionInternal(v8::Local<v8::Context>, v8::ScriptCompiler::Source*, unsigned long, v8::Local<v8::String>*, unsigned long, v8::Local<v8::Object>*, v8::ScriptCompiler::CompileOptions, v8::ScriptCompiler::NoCacheReason, v8::Local<v8::ScriptOrModule>*) [node]
15: 0x1244107 v8::ScriptCompiler::CompileFunction(v8::Local<v8::Context>, v8::ScriptCompiler::Source*, unsigned long, v8::Local<v8::String>*, unsigned long, v8::Local<v8::Object>*, v8::ScriptCompiler::CompileOptions, v8::ScriptCompiler::NoCacheReason) [node]
16: 0xf81493  [node]
17: 0xf8642a  [node]
18: 0x7f46f5e0f5e2
Aborted
