
> musclog@2.4.6 web
> expo start --web

Starting project at /app
Starting Metro Bundler
Waiting on http://localhost:8081
Logs for your project will appear below.
Web ./index.web.js ░░░░░░░░░░░░░░░░  0.0% (0/1)
Web ./index.web.js ▓▓▓░░░░░░░░░░░░░ 19.8% ( 20/102)
λ node_modules/expo-router/node/render.js ▓▓░░░░░░░░░░░░░░ 13.9% (119/319)
Web ./index.web.js ▓▓▓░░░░░░░░░░░░░ 23.4% ( 96/207)
λ node_modules/expo-router/node/render.js ▓▓▓░░░░░░░░░░░░░ 24.7% (237/657)
Web ./index.web.js ▓▓▓▓▓▓▓░░░░░░░░░ 48.1% (204/359)
λ node_modules/expo-router/node/render.js ▓▓▓▓░░░░░░░░░░░░ 25.5% (422/864)
Web ./index.web.js ▓▓▓▓▓▓▓░░░░░░░░░ 48.1% (204/359)
λ node_modules/expo-router/node/render.js ▓▓▓▓░░░░░░░░░░░░ 25.5% ( 512/1358)
Web ./index.web.js ▓▓▓▓▓▓▓░░░░░░░░░ 48.1% (204/359)
λ node_modules/expo-router/node/render.js ▓▓▓▓░░░░░░░░░░░░ 25.5% ( 704/3169)
Web ./index.web.js ▓▓▓▓▓▓▓░░░░░░░░░ 48.1% (348/691)
λ node_modules/expo-router/node/render.js ▓▓▓▓░░░░░░░░░░░░ 25.5% ( 820/3239)
Web ./index.web.js ▓▓▓▓▓▓▓░░░░░░░░░ 48.1% (363/747)
λ node_modules/expo-router/node/render.js ▓▓▓▓░░░░░░░░░░░░ 25.5% (1382/3798)
Web ./index.web.js ▓▓▓▓▓▓▓░░░░░░░░░ 48.1% (363/747)
λ node_modules/expo-router/node/render.js ▓▓▓▓░░░░░░░░░░░░ 27.1% (1980/3803)
Web ./index.web.js ▓▓▓▓▓▓▓░░░░░░░░░ 48.1% (363/747)
λ node_modules/expo-router/node/render.js ▓▓▓▓▓▓▓▓▓░░░░░░░ 58.1% (2899/3803)
Web ./index.web.js ▓▓▓▓▓▓▓░░░░░░░░░ 48.1% ( 498/1135)
λ node_modules/expo-router/node/render.js ▓▓▓▓▓▓▓▓▓▓░░░░░░ 65.0% (3209/4178)
Web ./index.web.js ▓▓▓▓▓▓▓░░░░░░░░░ 48.1% ( 660/3195)
λ node_modules/expo-router/node/render.js ▓▓▓▓▓▓▓▓▓▓░░░░░░ 65.0% (3220/4191)
Web ./index.web.js ▓▓▓▓▓▓▓░░░░░░░░░ 48.1% ( 721/3219)
λ node_modules/expo-router/node/render.js ▓▓▓▓▓▓▓▓▓▓░░░░░░ 66.6% (3602/4726)
Web ./index.web.js ▓▓▓▓▓▓▓░░░░░░░░░ 48.1% ( 797/3259)
λ node_modules/expo-router/node/render.js ▓▓▓▓▓▓▓▓▓▓░░░░░░ 66.6% (3887/5014)
Web ./index.web.js ▓▓▓▓▓▓▓░░░░░░░░░ 48.1% (1274/3777)
λ node_modules/expo-router/node/render.js ▓▓▓▓▓▓▓▓▓▓░░░░░░ 66.6% (4167/5188)
Web ./index.web.js ▓▓▓▓▓▓▓░░░░░░░░░ 48.1% (2189/3861)
λ node_modules/expo-router/node/render.js ▓▓▓▓▓▓▓▓▓▓░░░░░░ 66.6% (4167/5188)
Web ./index.web.js ▓▓▓▓▓▓▓▓▓░░░░░░░ 58.2% (3126/4096)
λ node_modules/expo-router/node/render.js ▓▓▓▓▓▓▓▓▓▓▓░░░░░ 69.2% (4357/5237)
Web ./index.web.js ▓▓▓▓▓▓▓▓▓░░░░░░░ 59.8% (3243/4214)
λ node_modules/expo-router/node/render.js ▓▓▓▓▓▓▓▓▓▓▓▓▓░░░ 84.8% (4934/5359)
Web ./index.web.js ▓▓▓▓▓▓▓▓▓░░░░░░░ 60.2% (3587/4776)
λ node_modules/expo-router/node/render.js ▓▓▓▓▓▓▓▓▓▓▓▓▓▓░░ 87.7% (5198/5652)
