
> musclog@2.8.12 web
> node scripts/sync-web-images.js && expo start --web

[sync-web-images] public/musclog-app/images -> ../images
Starting project at /app
Starting Metro Bundler

Waiting on http://localhost:8081
An update for expo is available: 56.0.6 → ~56.0.8
9 other packages may need updating. Run npx expo install --check for details.
Logs for your project will appear below.
λ Bundled 12107ms node_modules/expo/node_modules/@expo/cli/node_modules/@expo/router-server/node/render.js (8083 modules)
λ  WARN  [🍉] LokiJSAdapter {useIncrementalIndexedDB: false} option is now deprecated. If you rely on this feature, please file an issue
λ  LOG  [🍉] [Loki] Initializing IndexedDB
λ  WARN  Require cycle: database/database-instance.ts -> database/models/MealFood.ts -> utils/handleError.ts -> utils/sentry.ts -> database/services/SettingsService.ts -> database/database-instance.ts

Require cycles are allowed, but can result in uninitialized values. Consider refactoring to remove the need for a cycle.
λ  LOG  i18next: languageChanged en-US
i18next: initialized {
  debug: true,
  initAsync: true,
  ns: [ 'translation' ],
  defaultNS: [ 'translation' ],
  fallbackLng: [ 'en-US' ],
  fallbackNS: false,
  supportedLngs: false,
  nonExplicitSupportedLngs: false,
  load: 'all',
  preload: false,
  keySeparator: '.',
  nsSeparator: ':',
  pluralSeparator: '_',
  contextSeparator: '_',
  enableSelector: false,
  partialBundledLanguages: false,
  saveMissing: false,
  updateMissing: false,
  saveMissingTo: 'fallback',
  saveMissingPlurals: true,
  missingKeyHandler: false,
  missingInterpolationHandler: false,
  postProcess: false,
  postProcessPassResolved: false,
  returnNull: false,
  returnEmptyString: true,
  returnObjects: false,
  joinArrays: false,
  returnedObjectHandler: false,
  parseMissingKeyHandler: false,
  appendNamespaceToMissingKey: false,
  appendNamespaceToCIMode: false,
  overloadTranslationOptionHandler: [Function: overloadTranslationOptionHandler],
  interpolation: {
    escapeValue: false,
    prefix: '{{',
    suffix: '}}',
    formatSeparator: ',',
    unescapePrefix: '-',
    nestingPrefix: '$t(',
    nestingSuffix: ')',
    nestingOptionsSeparator: ',',
    maxReplaces: 1000,
    skipOnVariables: true,
    format: [Function: bound format]
  },
  cacheInBuiltFormats: true,
  lng: 'en-US',
  resources: {
    'en-US': { translation: [Object] },
    'es-ES': { translation: [Object] },
    'nl-NL': { translation: [Object] },
    'pt-BR': { translation: [Object] },
    'ru-RU': { translation: [Object] }
  },
  ignoreJSONStructure: true
}
λ  WARN  [expo-notifications] Listening to push token changes is not yet fully supported on web. Adding a listener will have no effect.
λ  WARN  Require cycle: components/modals/BarcodeCameraModal.tsx -> components/modals/FoodMealTrackingDetailsModal.tsx -> components/modals/BarcodeCameraModal.tsx

Require cycles are allowed, but can result in uninitialized values. Consider refactoring to remove the need for a cycle.
[🍉] [Loki] Database loaded
[🍉] [Loki] Empty database, setting up
[🍉] [Loki] Database is now reset
[🍉] [Loki] Initializing IndexedDB
[🍉] [Loki] Database loaded
[🍉] [Loki] Setting up schema
[🍉] [Loki] Database collections set up
Web Bundled 16410ms index.web.js (8003 modules)
λ Bundled 264ms node_modules/expo/node_modules/@expo/cli/node_modules/@expo/router-server/node/render.js (1 module)
λ  WARN  [🍉] LokiJSAdapter {useIncrementalIndexedDB: false} option is now deprecated. If you rely on this feature, please file an issue
λ  LOG  [🍉] [Loki] Initializing IndexedDB
λ  WARN  Require cycle: database/database-instance.ts -> database/models/MealFood.ts -> utils/handleError.ts -> utils/sentry.ts -> database/services/SettingsService.ts -> database/database-instance.ts

Require cycles are allowed, but can result in uninitialized values. Consider refactoring to remove the need for a cycle.
λ  LOG  i18next: languageChanged en-US
i18next: initialized {
  debug: true,
  initAsync: true,
  ns: [ 'translation' ],
  defaultNS: [ 'translation' ],
  fallbackLng: [ 'en-US' ],
  fallbackNS: false,
  supportedLngs: false,
  nonExplicitSupportedLngs: false,
  load: 'all',
  preload: false,
  keySeparator: '.',
  nsSeparator: ':',
  pluralSeparator: '_',
  contextSeparator: '_',
  enableSelector: false,
  partialBundledLanguages: false,
  saveMissing: false,
  updateMissing: false,
  saveMissingTo: 'fallback',
  saveMissingPlurals: true,
  missingKeyHandler: false,
  missingInterpolationHandler: false,
  postProcess: false,
  postProcessPassResolved: false,
  returnNull: false,
  returnEmptyString: true,
  returnObjects: false,
  joinArrays: false,
  returnedObjectHandler: false,
  parseMissingKeyHandler: false,
  appendNamespaceToMissingKey: false,
  appendNamespaceToCIMode: false,
  overloadTranslationOptionHandler: [Function: overloadTranslationOptionHandler],
  interpolation: {
    escapeValue: false,
    prefix: '{{',
    suffix: '}}',
    formatSeparator: ',',
    unescapePrefix: '-',
    nestingPrefix: '$t(',
    nestingSuffix: ')',
    nestingOptionsSeparator: ',',
    maxReplaces: 1000,
    skipOnVariables: true,
    format: [Function: bound format]
  },
  cacheInBuiltFormats: true,
  lng: 'en-US',
  resources: {
    'en-US': { translation: [Object] },
    'es-ES': { translation: [Object] },
    'nl-NL': { translation: [Object] },
    'pt-BR': { translation: [Object] },
    'ru-RU': { translation: [Object] }
  },
  ignoreJSONStructure: true
}
λ  WARN  [expo-notifications] Listening to push token changes is not yet fully supported on web. Adding a listener will have no effect.
λ  WARN  Require cycle: components/modals/BarcodeCameraModal.tsx -> components/modals/FoodMealTrackingDetailsModal.tsx -> components/modals/BarcodeCameraModal.tsx

Require cycles are allowed, but can result in uninitialized values. Consider refactoring to remove the need for a cycle.
[🍉] [Loki] Database loaded
[🍉] [Loki] Empty database, setting up
[🍉] [Loki] Database is now reset
[🍉] [Loki] Initializing IndexedDB
[🍉] [Loki] Database loaded
[🍉] [Loki] Setting up schema
[🍉] [Loki] Database collections set up
Web Bundled 2843ms index.web.js (1 module)
Web Bundled 55628ms index.web.js (8005 modules)
